Determining if the pthread_create exist failed with the following output:
Change Dir: /home/ben/Desktop/Ben/bar ilan/year2/semester1/Advanced Programming/ex5/cmake-build-debug/CMakeFiles/CMakeTmp

Run Build Command:"/usr/bin/make" "cmTC_ae91b/fast"
/usr/bin/make -f CMakeFiles/cmTC_ae91b.dir/build.make CMakeFiles/cmTC_ae91b.dir/build
make[1]: Entering directory '/home/ben/Desktop/Ben/bar ilan/year2/semester1/Advanced Programming/ex5/cmake-build-debug/CMakeFiles/CMakeTmp'
Building C object CMakeFiles/cmTC_ae91b.dir/CheckSymbolExists.c.o
/usr/bin/cc    -o CMakeFiles/cmTC_ae91b.dir/CheckSymbolExists.c.o   -c "/home/ben/Desktop/Ben/bar ilan/year2/semester1/Advanced Programming/ex5/cmake-build-debug/CMakeFiles/CMakeTmp/CheckSymbolExists.c"
Linking C executable cmTC_ae91b
/home/ben/clion-2017.3/bin/cmake/bin/cmake -E cmake_link_script CMakeFiles/cmTC_ae91b.dir/link.txt --verbose=1
/usr/bin/cc      -rdynamic CMakeFiles/cmTC_ae91b.dir/CheckSymbolExists.c.o  -o cmTC_ae91b 
CMakeFiles/cmTC_ae91b.dir/CheckSymbolExists.c.o: In function `main':
CheckSymbolExists.c:(.text+0x16): undefined reference to `pthread_create'
collect2: error: ld returned 1 exit status
CMakeFiles/cmTC_ae91b.dir/build.make:97: recipe for target 'cmTC_ae91b' failed
make[1]: *** [cmTC_ae91b] Error 1
make[1]: Leaving directory '/home/ben/Desktop/Ben/bar ilan/year2/semester1/Advanced Programming/ex5/cmake-build-debug/CMakeFiles/CMakeTmp'
Makefile:126: recipe for target 'cmTC_ae91b/fast' failed
make: *** [cmTC_ae91b/fast] Error 2

File /home/ben/Desktop/Ben/bar ilan/year2/semester1/Advanced Programming/ex5/cmake-build-debug/CMakeFiles/CMakeTmp/CheckSymbolExists.c:
/* */
#include <pthread.h>

int main(int argc, char** argv)
{
  (void)argv;
#ifndef pthread_create
  return ((int*)(&pthread_create))[argc];
#else
  (void)argc;
  return 0;
#endif
}

